main.obj : error LNK2019: unresolved external symbol _glewInit@0 referenced in function _main
main.obj : error LNK2019: unresolved external symbol _glfwInit referenced in function _main
main.obj : error LNK2019: unresolved external symbol _glfwTerminate referenced in function _main
main.obj : error LNK2019: unresolved external symbol _glfwCreateWindow referenced in function _main
main.obj : error LNK2019: unresolved external symbol _glfwWindowShouldClose referenced in function _main
main.obj : error LNK2019: unresolved external symbol _glfwPollEvents referenced in function _main
main.obj : error LNK2019: unresolved external symbol _glfwMakeContextCurrent referenced in function _main
main.obj : error LNK2019: unresolved external symbol _glfwSwapBuffers referenced in function _main
main.obj : error LNK2001: unresolved external symbol ___glewBindBuffer
main.obj : error LNK2001: unresolved external symbol ___glewBufferData
main.obj : error LNK2001: unresolved external symbol ___glewGenBuffers
main.obj : error LNK2001: unresolved external symbol ___glewAttachShader
main.obj : error LNK2001: unresolved external symbol ___glewCompileShader
main.obj : error LNK2001: unresolved external symbol ___glewCreateProgram
main.obj : error LNK2001: unresolved external symbol ___glewCreateShader
main.obj : error LNK2001: unresolved external symbol ___glewDeleteShader
main.obj : error LNK2001: unresolved external symbol ___glewEnableVertexAttribArray
main.obj : error LNK2001: unresolved external symbol ___glewGetProgramInfoLog
main.obj : error LNK2001: unresolved external symbol ___glewGetProgramiv
main.obj : error LNK2001: unresolved external symbol ___glewGetShaderInfoLog
main.obj : error LNK2001: unresolved external symbol ___glewGetShaderiv
main.obj : error LNK2001: unresolved external symbol ___glewGetUniformLocation
main.obj : error LNK2001: unresolved external symbol ___glewLinkProgram
main.obj : error LNK2001: unresolved external symbol ___glewShaderSource
main.obj : error LNK2001: unresolved external symbol ___glewUniformMatrix4fv
main.obj : error LNK2001: unresolved external symbol ___glewUseProgram
main.obj : error LNK2001: unresolved external symbol ___glewVertexAttribPointer
main.obj : error LNK2001: unresolved external symbol ___glewBindVertexArray
main.obj : error LNK2001: unresolved external symbol ___glewGenVertexArrays
C:\Users\rt\Desktop\it\Visual Studio\c++\CG\CG\deps\GLEW_win\lib\Release\x64\glew32s.lib : warning LNK4272: library machine type 'x64' conflicts with target machine type 'x86'
C:\Users\rt\Desktop\it\Visual Studio\c++\CG\CG\deps\GLFW_win\lib-vc2019\glfw3.lib : warning LNK4272: library machine type 'x64' conflicts with target machine type 'x86'
C:\Users\rt\Desktop\it\Visual Studio\c++\CG\CG\Debug\CG.exe : fatal error LNK1120: 29 unresolved externals
